Analysis & Synthesis report for itr_201c
Thu Jul 28 12:00:15 2016
Quartus II 64-Bit Version 13.0.1 Build 232 06/12/2013 Service Pack 1 SJ Full Version


---------------------
; Table of Contents ;
---------------------
  1. Legal Notice
  2. Analysis & Synthesis Summary
  3. Analysis & Synthesis Settings
  4. Parallel Compilation
  5. Analysis & Synthesis Source Files Read
  6. Analysis & Synthesis Resource Usage Summary
  7. Analysis & Synthesis Resource Utilization by Entity
  8. Analysis & Synthesis IP Cores Summary
  9. State Machine - |itr_201c|wsd:WSD2|curr_state
 10. State Machine - |itr_201c|wsd:WSD1|curr_state
 11. Registers Removed During Synthesis
 12. General Register Statistics
 13. Inverted Register Statistics
 14. Multiplexer Restructuring Statistics (Restructuring Performed)
 15. Parameter Settings for User Entity Instance: Top-level Entity: |itr_201c
 16. Parameter Settings for User Entity Instance: my_counter:C1|lpm_counter:LPM_COUNTER_component
 17. Parameter Settings for User Entity Instance: wsd:WSD1
 18. Parameter Settings for User Entity Instance: wsd:WSD2
 19. Port Connectivity Checks: "my_counter:C1"
 20. Analysis & Synthesis Messages



----------------
; Legal Notice ;
----------------
Copyright (C) 1991-2013 Altera Corporation
Your use of Altera Corporation's design tools, logic functions 
and other software and tools, and its AMPP partner logic 
functions, and any output files from any of the foregoing 
(including device programming or simulation files), and any 
associated documentation or information are expressly subject 
to the terms and conditions of the Altera Program License 
Subscription Agreement, Altera MegaCore Function License 
Agreement, or other applicable license agreement, including, 
without limitation, that your use is for the sole purpose of 
programming logic devices manufactured by Altera and sold by 
Altera or its authorized distributors.  Please refer to the 
applicable agreement for further details.



+--------------------------------------------------------------------------------+
; Analysis & Synthesis Summary                                                   ;
+-----------------------------+--------------------------------------------------+
; Analysis & Synthesis Status ; Successful - Thu Jul 28 12:00:15 2016            ;
; Quartus II 64-Bit Version   ; 13.0.1 Build 232 06/12/2013 SP 1 SJ Full Version ;
; Revision Name               ; itr_201c                                         ;
; Top-level Entity Name       ; itr_201c                                         ;
; Family                      ; MAX II                                           ;
; Total logic elements        ; 639                                              ;
; Total pins                  ; 68                                               ;
; Total virtual pins          ; 0                                                ;
; UFM blocks                  ; 0 / 1 ( 0 % )                                    ;
+-----------------------------+--------------------------------------------------+


+----------------------------------------------------------------------------------------------------------------------+
; Analysis & Synthesis Settings                                                                                        ;
+----------------------------------------------------------------------------+--------------------+--------------------+
; Option                                                                     ; Setting            ; Default Value      ;
+----------------------------------------------------------------------------+--------------------+--------------------+
; Device                                                                     ; EPM570T144C5       ;                    ;
; Top-level entity name                                                      ; itr_201c           ; itr_201c           ;
; Family name                                                                ; MAX II             ; Cyclone IV GX      ;
; Use smart compilation                                                      ; Off                ; Off                ;
; Enable parallel Assembler and TimeQuest Timing Analyzer during compilation ; On                 ; On                 ;
; Enable compact report table                                                ; Off                ; Off                ;
; Restructure Multiplexers                                                   ; Auto               ; Auto               ;
; Create Debugging Nodes for IP Cores                                        ; Off                ; Off                ;
; Preserve fewer node names                                                  ; On                 ; On                 ;
; Disable OpenCore Plus hardware evaluation                                  ; Off                ; Off                ;
; Verilog Version                                                            ; Verilog_2001       ; Verilog_2001       ;
; VHDL Version                                                               ; VHDL_1993          ; VHDL_1993          ;
; State Machine Processing                                                   ; Auto               ; Auto               ;
; Safe State Machine                                                         ; Off                ; Off                ;
; Extract Verilog State Machines                                             ; On                 ; On                 ;
; Extract VHDL State Machines                                                ; On                 ; On                 ;
; Ignore Verilog initial constructs                                          ; Off                ; Off                ;
; Iteration limit for constant Verilog loops                                 ; 5000               ; 5000               ;
; Iteration limit for non-constant Verilog loops                             ; 250                ; 250                ;
; Add Pass-Through Logic to Inferred RAMs                                    ; On                 ; On                 ;
; Infer RAMs from Raw Logic                                                  ; On                 ; On                 ;
; Parallel Synthesis                                                         ; On                 ; On                 ;
; NOT Gate Push-Back                                                         ; On                 ; On                 ;
; Power-Up Don't Care                                                        ; On                 ; On                 ;
; Remove Redundant Logic Cells                                               ; Off                ; Off                ;
; Remove Duplicate Registers                                                 ; On                 ; On                 ;
; Ignore CARRY Buffers                                                       ; Off                ; Off                ;
; Ignore CASCADE Buffers                                                     ; Off                ; Off                ;
; Ignore GLOBAL Buffers                                                      ; Off                ; Off                ;
; Ignore ROW GLOBAL Buffers                                                  ; Off                ; Off                ;
; Ignore LCELL Buffers                                                       ; Off                ; Off                ;
; Ignore SOFT Buffers                                                        ; On                 ; On                 ;
; Limit AHDL Integers to 32 Bits                                             ; Off                ; Off                ;
; Optimization Technique                                                     ; Balanced           ; Balanced           ;
; Carry Chain Length                                                         ; 70                 ; 70                 ;
; Auto Carry Chains                                                          ; On                 ; On                 ;
; Auto Open-Drain Pins                                                       ; On                 ; On                 ;
; Perform WYSIWYG Primitive Resynthesis                                      ; Off                ; Off                ;
; Auto Shift Register Replacement                                            ; Auto               ; Auto               ;
; Allow Shift Register Merging across Hierarchies                            ; Auto               ; Auto               ;
; Auto Clock Enable Replacement                                              ; On                 ; On                 ;
; Allow Synchronous Control Signals                                          ; On                 ; On                 ;
; Force Use of Synchronous Clear Signals                                     ; Off                ; Off                ;
; Auto Resource Sharing                                                      ; Off                ; Off                ;
; Use LogicLock Constraints during Resource Balancing                        ; On                 ; On                 ;
; Ignore translate_off and synthesis_off directives                          ; Off                ; Off                ;
; Report Parameter Settings                                                  ; On                 ; On                 ;
; Report Source Assignments                                                  ; On                 ; On                 ;
; Report Connectivity Checks                                                 ; On                 ; On                 ;
; Ignore Maximum Fan-Out Assignments                                         ; Off                ; Off                ;
; Synchronization Register Chain Length                                      ; 2                  ; 2                  ;
; PowerPlay Power Optimization                                               ; Normal compilation ; Normal compilation ;
; HDL message level                                                          ; Level2             ; Level2             ;
; Suppress Register Optimization Related Messages                            ; Off                ; Off                ;
; Number of Removed Registers Reported in Synthesis Report                   ; 5000               ; 5000               ;
; Number of Swept Nodes Reported in Synthesis Report                         ; 5000               ; 5000               ;
; Number of Inverted Registers Reported in Synthesis Report                  ; 100                ; 100                ;
; Clock MUX Protection                                                       ; On                 ; On                 ;
; Block Design Naming                                                        ; Auto               ; Auto               ;
; Synthesis Effort                                                           ; Auto               ; Auto               ;
; Shift Register Replacement - Allow Asynchronous Clear Signal               ; On                 ; On                 ;
; Pre-Mapping Resynthesis Optimization                                       ; Off                ; Off                ;
; Analysis & Synthesis Message Level                                         ; Medium             ; Medium             ;
; Disable Register Merging Across Hierarchies                                ; Auto               ; Auto               ;
; Synthesis Seed                                                             ; 1                  ; 1                  ;
+----------------------------------------------------------------------------+--------------------+--------------------+


+------------------------------------------+
; Parallel Compilation                     ;
+----------------------------+-------------+
; Processors                 ; Number      ;
+----------------------------+-------------+
; Number detected on machine ; 8           ;
; Maximum allowed            ; 4           ;
;                            ;             ;
; Average used               ; 1.00        ;
; Maximum used               ; 1           ;
;                            ;             ;
; Usage by Processor         ; % Time Used ;
;     Processor 1            ; 100.0%      ;
;     Processors 2-8         ;   0.0%      ;
+----------------------------+-------------+


+---------------------------------------------------------------------------------------------------------------------------------------------------------------------------------+
; Analysis & Synthesis Source Files Read                                                                                                                                          ;
+----------------------------------+-----------------+------------------------------+-----------------------------------------------------------------------------------+---------+
; File Name with User-Entered Path ; Used in Netlist ; File Type                    ; File Name with Absolute Path                                                      ; Library ;
+----------------------------------+-----------------+------------------------------+-----------------------------------------------------------------------------------+---------+
; wsd.v                            ; yes             ; User Verilog HDL File        ; H:/360yunpan/RenShuPeng/My_design/ITR-201C_V20_160725/CPLD_160728/wsd.v           ;         ;
; itr_201c.v                       ; yes             ; User Verilog HDL File        ; H:/360yunpan/RenShuPeng/My_design/ITR-201C_V20_160725/CPLD_160728/itr_201c.v      ;         ;
; my_counter.v                     ; yes             ; User Wizard-Generated File   ; H:/360yunpan/RenShuPeng/My_design/ITR-201C_V20_160725/CPLD_160728/my_counter.v    ;         ;
; lpm_counter.tdf                  ; yes             ; Megafunction                 ; d:/altera_win7/13.0sp1/quartus/libraries/megafunctions/lpm_counter.tdf            ;         ;
; lpm_constant.inc                 ; yes             ; Megafunction                 ; d:/altera_win7/13.0sp1/quartus/libraries/megafunctions/lpm_constant.inc           ;         ;
; lpm_decode.inc                   ; yes             ; Megafunction                 ; d:/altera_win7/13.0sp1/quartus/libraries/megafunctions/lpm_decode.inc             ;         ;
; lpm_add_sub.inc                  ; yes             ; Megafunction                 ; d:/altera_win7/13.0sp1/quartus/libraries/megafunctions/lpm_add_sub.inc            ;         ;
; cmpconst.inc                     ; yes             ; Megafunction                 ; d:/altera_win7/13.0sp1/quartus/libraries/megafunctions/cmpconst.inc               ;         ;
; lpm_compare.inc                  ; yes             ; Megafunction                 ; d:/altera_win7/13.0sp1/quartus/libraries/megafunctions/lpm_compare.inc            ;         ;
; lpm_counter.inc                  ; yes             ; Megafunction                 ; d:/altera_win7/13.0sp1/quartus/libraries/megafunctions/lpm_counter.inc            ;         ;
; dffeea.inc                       ; yes             ; Megafunction                 ; d:/altera_win7/13.0sp1/quartus/libraries/megafunctions/dffeea.inc                 ;         ;
; alt_counter_stratix.inc          ; yes             ; Megafunction                 ; d:/altera_win7/13.0sp1/quartus/libraries/megafunctions/alt_counter_stratix.inc    ;         ;
; aglobal130.inc                   ; yes             ; Megafunction                 ; d:/altera_win7/13.0sp1/quartus/libraries/megafunctions/aglobal130.inc             ;         ;
; db/cntr_0nh.tdf                  ; yes             ; Auto-Generated Megafunction  ; H:/360yunpan/RenShuPeng/My_design/ITR-201C_V20_160725/CPLD_160728/db/cntr_0nh.tdf ;         ;
+----------------------------------+-----------------+------------------------------+-----------------------------------------------------------------------------------+---------+


+---------------------------------------------------------+
; Analysis & Synthesis Resource Usage Summary             ;
+---------------------------------------------+-----------+
; Resource                                    ; Usage     ;
+---------------------------------------------+-----------+
; Total logic elements                        ; 639       ;
;     -- Combinational with no register       ; 275       ;
;     -- Register only                        ; 137       ;
;     -- Combinational with a register        ; 227       ;
;                                             ;           ;
; Logic element usage by number of LUT inputs ;           ;
;     -- 4 input functions                    ; 197       ;
;     -- 3 input functions                    ; 42        ;
;     -- 2 input functions                    ; 241       ;
;     -- 1 input functions                    ; 22        ;
;     -- 0 input functions                    ; 0         ;
;                                             ;           ;
; Logic elements by mode                      ;           ;
;     -- normal mode                          ; 521       ;
;     -- arithmetic mode                      ; 118       ;
;     -- qfbk mode                            ; 0         ;
;     -- register cascade mode                ; 0         ;
;     -- synchronous clear/load mode          ; 74        ;
;     -- asynchronous clear/load mode         ; 344       ;
;                                             ;           ;
; Total registers                             ; 364       ;
; Total logic cells in carry chains           ; 130       ;
; I/O pins                                    ; 68        ;
; Maximum fan-out node                        ; sys_rst_n ;
; Maximum fan-out                             ; 348       ;
; Total fan-out                               ; 2660      ;
; Average fan-out                             ; 3.76      ;
+---------------------------------------------+-----------+


+---------------------------------------------------------------------------------------------------------------------------------------------------------------------------------------------------------------------------------------------------------------------------------------------------+
; Analysis & Synthesis Resource Utilization by Entity                                                                                                                                                                                                                                               ;
+-------------------------------------------+-------------+--------------+------------+------+--------------+--------------+-------------------+------------------+-----------------+------------+-----------------------------------------------------------------------------------+--------------+
; Compilation Hierarchy Node                ; Logic Cells ; LC Registers ; UFM Blocks ; Pins ; Virtual Pins ; LUT-Only LCs ; Register-Only LCs ; LUT/Register LCs ; Carry Chain LCs ; Packed LCs ; Full Hierarchy Name                                                               ; Library Name ;
+-------------------------------------------+-------------+--------------+------------+------+--------------+--------------+-------------------+------------------+-----------------+------------+-----------------------------------------------------------------------------------+--------------+
; |itr_201c                                 ; 639 (320)   ; 364          ; 0          ; 68   ; 0            ; 275 (210)    ; 137 (51)          ; 227 (59)         ; 130 (64)        ; 0 (0)      ; |itr_201c                                                                         ; work         ;
;    |my_counter:C1|                        ; 10 (0)      ; 10           ; 0          ; 0    ; 0            ; 0 (0)        ; 0 (0)             ; 10 (0)           ; 10 (0)          ; 0 (0)      ; |itr_201c|my_counter:C1                                                           ; work         ;
;       |lpm_counter:LPM_COUNTER_component| ; 10 (0)      ; 10           ; 0          ; 0    ; 0            ; 0 (0)        ; 0 (0)             ; 10 (0)           ; 10 (0)          ; 0 (0)      ; |itr_201c|my_counter:C1|lpm_counter:LPM_COUNTER_component                         ; work         ;
;          |cntr_0nh:auto_generated|        ; 10 (10)     ; 10           ; 0          ; 0    ; 0            ; 0 (0)        ; 0 (0)             ; 10 (10)          ; 10 (10)         ; 0 (0)      ; |itr_201c|my_counter:C1|lpm_counter:LPM_COUNTER_component|cntr_0nh:auto_generated ; work         ;
;    |wsd:WSD1|                             ; 155 (155)   ; 122          ; 0          ; 0    ; 0            ; 33 (33)      ; 43 (43)           ; 79 (79)          ; 28 (28)         ; 0 (0)      ; |itr_201c|wsd:WSD1                                                                ; work         ;
;    |wsd:WSD2|                             ; 154 (154)   ; 122          ; 0          ; 0    ; 0            ; 32 (32)      ; 43 (43)           ; 79 (79)          ; 28 (28)         ; 0 (0)      ; |itr_201c|wsd:WSD2                                                                ; work         ;
+-------------------------------------------+-------------+--------------+------------+------+--------------+--------------+-------------------+------------------+-----------------+------------+-----------------------------------------------------------------------------------+--------------+
Note: For table entries with two numbers listed, the numbers in parentheses indicate the number of resources of the given type used by the specific entity alone. The numbers listed outside of parentheses indicate the total resources of the given type used by the specific entity and all of its sub-entities in the hierarchy.


+--------------------------------------------------------------------------------------------------------------------------------------------------------------------------+
; Analysis & Synthesis IP Cores Summary                                                                                                                                    ;
+--------+--------------+---------+--------------+--------------+-------------------------+--------------------------------------------------------------------------------+
; Vendor ; IP Core Name ; Version ; Release Date ; License Type ; Entity Instance         ; IP Include File                                                                ;
+--------+--------------+---------+--------------+--------------+-------------------------+--------------------------------------------------------------------------------+
; Altera ; LPM_COUNTER  ; 13.0    ; N/A          ; N/A          ; |itr_201c|my_counter:C1 ; H:/360yunpan/RenShuPeng/My_design/ITR-201C_V20_160725/CPLD_160728/my_counter.v ;
+--------+--------------+---------+--------------+--------------+-------------------------+--------------------------------------------------------------------------------+


Encoding Type:  One-Hot
+-----------------------------------------------------------------------------------------------------------------------------------------------------+
; State Machine - |itr_201c|wsd:WSD2|curr_state                                                                                                       ;
+---------------------+--------------------+---------------------+--------------------+--------------------+--------------------+---------------------+
; Name                ; curr_state.WSD_ERR ; curr_state.WSD_DATA ; curr_state.WSD_END ; curr_state.WSD_ST2 ; curr_state.WSD_ST1 ; curr_state.WSD_IDLE ;
+---------------------+--------------------+---------------------+--------------------+--------------------+--------------------+---------------------+
; curr_state.WSD_IDLE ; 0                  ; 0                   ; 0                  ; 0                  ; 0                  ; 0                   ;
; curr_state.WSD_ST1  ; 0                  ; 0                   ; 0                  ; 0                  ; 1                  ; 1                   ;
; curr_state.WSD_ST2  ; 0                  ; 0                   ; 0                  ; 1                  ; 0                  ; 1                   ;
; curr_state.WSD_END  ; 0                  ; 0                   ; 1                  ; 0                  ; 0                  ; 1                   ;
; curr_state.WSD_DATA ; 0                  ; 1                   ; 0                  ; 0                  ; 0                  ; 1                   ;
; curr_state.WSD_ERR  ; 1                  ; 0                   ; 0                  ; 0                  ; 0                  ; 1                   ;
+---------------------+--------------------+---------------------+--------------------+--------------------+--------------------+---------------------+


Encoding Type:  One-Hot
+-----------------------------------------------------------------------------------------------------------------------------------------------------+
; State Machine - |itr_201c|wsd:WSD1|curr_state                                                                                                       ;
+---------------------+--------------------+---------------------+--------------------+--------------------+--------------------+---------------------+
; Name                ; curr_state.WSD_ERR ; curr_state.WSD_DATA ; curr_state.WSD_END ; curr_state.WSD_ST2 ; curr_state.WSD_ST1 ; curr_state.WSD_IDLE ;
+---------------------+--------------------+---------------------+--------------------+--------------------+--------------------+---------------------+
; curr_state.WSD_IDLE ; 0                  ; 0                   ; 0                  ; 0                  ; 0                  ; 0                   ;
; curr_state.WSD_ST1  ; 0                  ; 0                   ; 0                  ; 0                  ; 1                  ; 1                   ;
; curr_state.WSD_ST2  ; 0                  ; 0                   ; 0                  ; 1                  ; 0                  ; 1                   ;
; curr_state.WSD_END  ; 0                  ; 0                   ; 1                  ; 0                  ; 0                  ; 1                   ;
; curr_state.WSD_DATA ; 0                  ; 1                   ; 0                  ; 0                  ; 0                  ; 1                   ;
; curr_state.WSD_ERR  ; 1                  ; 0                   ; 0                  ; 0                  ; 0                  ; 1                   ;
+---------------------+--------------------+---------------------+--------------------+--------------------+--------------------+---------------------+


+------------------------------------------------------------+
; Registers Removed During Synthesis                         ;
+---------------------------------------+--------------------+
; Register name                         ; Reason for Removal ;
+---------------------------------------+--------------------+
; wsd:WSD2|curr_state~4                 ; Lost fanout        ;
; wsd:WSD2|curr_state~5                 ; Lost fanout        ;
; wsd:WSD2|curr_state~6                 ; Lost fanout        ;
; wsd:WSD1|curr_state~4                 ; Lost fanout        ;
; wsd:WSD1|curr_state~5                 ; Lost fanout        ;
; wsd:WSD1|curr_state~6                 ; Lost fanout        ;
; Total Number of Removed Registers = 6 ;                    ;
+---------------------------------------+--------------------+


+------------------------------------------------------+
; General Register Statistics                          ;
+----------------------------------------------+-------+
; Statistic                                    ; Value ;
+----------------------------------------------+-------+
; Total registers                              ; 364   ;
; Number of registers using Synchronous Clear  ; 56    ;
; Number of registers using Synchronous Load   ; 18    ;
; Number of registers using Asynchronous Clear ; 344   ;
; Number of registers using Asynchronous Load  ; 0     ;
; Number of registers using Clock Enable       ; 262   ;
; Number of registers using Preset             ; 0     ;
+----------------------------------------------+-------+


+---------------------------------------------------+
; Inverted Register Statistics                      ;
+-----------------------------------------+---------+
; Inverted Register                       ; Fan out ;
+-----------------------------------------+---------+
; wsd_ctrl                                ; 5       ;
; wsd2_ctrl                               ; 5       ;
; buzz_cnt[24]                            ; 9       ;
; io_led_out_reg[0]                       ; 2       ;
; led_pwm                                 ; 3       ;
; key_shift[1]                            ; 3       ;
; key_shift[2]                            ; 3       ;
; key_shift[3]                            ; 3       ;
; lvds_ctrl[0]                            ; 2       ;
; led_pwm_cnt[7]                          ; 2       ;
; led_pwm_cnt[15]                         ; 2       ;
; led_load_cnt[7]                         ; 2       ;
; led_load_cnt[15]                        ; 2       ;
; buzz_cnt[23]                            ; 1       ;
; buzz_cnt[22]                            ; 1       ;
; Total number of inverted registers = 15 ;         ;
+-----------------------------------------+---------+


+---------------------------------------------------------------------------------------------------------------------------------------------------+
; Multiplexer Restructuring Statistics (Restructuring Performed)                                                                                    ;
+--------------------+-----------+---------------+----------------------+------------------------+------------+-------------------------------------+
; Multiplexer Inputs ; Bus Width ; Baseline Area ; Area if Restructured ; Saving if Restructured ; Registered ; Example Multiplexer Output          ;
+--------------------+-----------+---------------+----------------------+------------------------+------------+-------------------------------------+
; 3:1                ; 8 bits    ; 16 LEs        ; 8 LEs                ; 8 LEs                  ; Yes        ; |itr_201c|wsd:WSD2|wsd_counter[2]   ;
; 3:1                ; 40 bits   ; 80 LEs        ; 40 LEs               ; 40 LEs                 ; Yes        ; |itr_201c|wsd:WSD2|data_out_reg[14] ;
; 3:1                ; 8 bits    ; 16 LEs        ; 8 LEs                ; 8 LEs                  ; Yes        ; |itr_201c|wsd:WSD1|wsd_counter[7]   ;
; 3:1                ; 40 bits   ; 80 LEs        ; 40 LEs               ; 40 LEs                 ; Yes        ; |itr_201c|wsd:WSD1|data_out_reg[12] ;
; 3:1                ; 2 bits    ; 4 LEs         ; 2 LEs                ; 2 LEs                  ; Yes        ; |itr_201c|buzz_cnt[21]              ;
; 4:1                ; 40 bits   ; 80 LEs        ; 0 LEs                ; 80 LEs                 ; Yes        ; |itr_201c|wsd:WSD2|data_shift[33]   ;
; 4:1                ; 40 bits   ; 80 LEs        ; 0 LEs                ; 80 LEs                 ; Yes        ; |itr_201c|wsd:WSD1|data_shift[29]   ;
; 6:1                ; 6 bits    ; 24 LEs        ; 6 LEs                ; 18 LEs                 ; Yes        ; |itr_201c|wsd:WSD2|data_counter[0]  ;
; 6:1                ; 6 bits    ; 24 LEs        ; 6 LEs                ; 18 LEs                 ; Yes        ; |itr_201c|wsd:WSD1|data_counter[1]  ;
; 3:1                ; 2 bits    ; 4 LEs         ; 2 LEs                ; 2 LEs                  ; Yes        ; |itr_201c|buzz_cnt[22]              ;
+--------------------+-----------+---------------+----------------------+------------------------+------------+-------------------------------------+


+--------------------------------------------------------------------------+
; Parameter Settings for User Entity Instance: Top-level Entity: |itr_201c ;
+----------------------+------------------+--------------------------------+
; Parameter Name       ; Value            ; Type                           ;
+----------------------+------------------+--------------------------------+
; ETH_BANK             ; 1                ; Signed Integer                 ;
; UART_BANK            ; 2                ; Signed Integer                 ;
; MISC_BANK            ; 3                ; Signed Integer                 ;
; LED_PWM_CNT_INIT_SUN ; 1000000010000000 ; Unsigned Binary                ;
+----------------------+------------------+--------------------------------+
Note: In order to hide this table in the UI and the text report file, please set the "Show Parameter Settings in Synthesis Report" option in "Analysis and Synthesis Settings -> More Settings" to "Off".


+----------------------------------------------------------------------------------------------+
; Parameter Settings for User Entity Instance: my_counter:C1|lpm_counter:LPM_COUNTER_component ;
+------------------------+-------------+-------------------------------------------------------+
; Parameter Name         ; Value       ; Type                                                  ;
+------------------------+-------------+-------------------------------------------------------+
; AUTO_CARRY_CHAINS      ; ON          ; AUTO_CARRY                                            ;
; IGNORE_CARRY_BUFFERS   ; OFF         ; IGNORE_CARRY                                          ;
; AUTO_CASCADE_CHAINS    ; ON          ; AUTO_CASCADE                                          ;
; IGNORE_CASCADE_BUFFERS ; OFF         ; IGNORE_CASCADE                                        ;
; LPM_WIDTH              ; 10          ; Signed Integer                                        ;
; LPM_DIRECTION          ; UP          ; Untyped                                               ;
; LPM_MODULUS            ; 0           ; Untyped                                               ;
; LPM_AVALUE             ; UNUSED      ; Untyped                                               ;
; LPM_SVALUE             ; UNUSED      ; Untyped                                               ;
; LPM_PORT_UPDOWN        ; PORT_UNUSED ; Untyped                                               ;
; DEVICE_FAMILY          ; MAX II      ; Untyped                                               ;
; CARRY_CHAIN            ; MANUAL      ; Untyped                                               ;
; CARRY_CHAIN_LENGTH     ; 48          ; CARRY_CHAIN_LENGTH                                    ;
; NOT_GATE_PUSH_BACK     ; ON          ; NOT_GATE_PUSH_BACK                                    ;
; CARRY_CNT_EN           ; SMART       ; Untyped                                               ;
; LABWIDE_SCLR           ; ON          ; Untyped                                               ;
; USE_NEW_VERSION        ; TRUE        ; Untyped                                               ;
; CBXI_PARAMETER         ; cntr_0nh    ; Untyped                                               ;
+------------------------+-------------+-------------------------------------------------------+
Note: In order to hide this table in the UI and the text report file, please set the "Show Parameter Settings in Synthesis Report" option in "Analysis and Synthesis Settings -> More Settings" to "Off".


+-------------------------------------------------------+
; Parameter Settings for User Entity Instance: wsd:WSD1 ;
+----------------+-------+------------------------------+
; Parameter Name ; Value ; Type                         ;
+----------------+-------+------------------------------+
; WSD_IDLE       ; 000   ; Unsigned Binary              ;
; WSD_ST1        ; 001   ; Unsigned Binary              ;
; WSD_ST2        ; 010   ; Unsigned Binary              ;
; WSD_END        ; 011   ; Unsigned Binary              ;
; WSD_DATA       ; 100   ; Unsigned Binary              ;
; WSD_ERR        ; 101   ; Unsigned Binary              ;
+----------------+-------+------------------------------+
Note: In order to hide this table in the UI and the text report file, please set the "Show Parameter Settings in Synthesis Report" option in "Analysis and Synthesis Settings -> More Settings" to "Off".


+-------------------------------------------------------+
; Parameter Settings for User Entity Instance: wsd:WSD2 ;
+----------------+-------+------------------------------+
; Parameter Name ; Value ; Type                         ;
+----------------+-------+------------------------------+
; WSD_IDLE       ; 000   ; Unsigned Binary              ;
; WSD_ST1        ; 001   ; Unsigned Binary              ;
; WSD_ST2        ; 010   ; Unsigned Binary              ;
; WSD_END        ; 011   ; Unsigned Binary              ;
; WSD_DATA       ; 100   ; Unsigned Binary              ;
; WSD_ERR        ; 101   ; Unsigned Binary              ;
+----------------+-------+------------------------------+
Note: In order to hide this table in the UI and the text report file, please set the "Show Parameter Settings in Synthesis Report" option in "Analysis and Synthesis Settings -> More Settings" to "Off".


+-------------------------------------------------------------------------------------------------------------------+
; Port Connectivity Checks: "my_counter:C1"                                                                         ;
+---------+--------+----------+-------------------------------------------------------------------------------------+
; Port    ; Type   ; Severity ; Details                                                                             ;
+---------+--------+----------+-------------------------------------------------------------------------------------+
; q[8..0] ; Output ; Info     ; Connected to dangling logic. Logic that only feeds a dangling port will be removed. ;
+---------+--------+----------+-------------------------------------------------------------------------------------+


+-------------------------------+
; Analysis & Synthesis Messages ;
+-------------------------------+
Info: *******************************************************************
Info: Running Quartus II 64-Bit Analysis & Synthesis
    Info: Version 13.0.1 Build 232 06/12/2013 Service Pack 1 SJ Full Version
    Info: Processing started: Thu Jul 28 12:00:12 2016
Info: Command: quartus_map --read_settings_files=on --write_settings_files=off itr_201c -c itr_201c
Info (11104): Parallel Compilation has detected 8 hyper-threaded processors. However, the extra hyper-threaded processors will not be used by default. Parallel Compilation will use 4 of the 4 physical processors detected instead.
Info (12021): Found 1 design units, including 1 entities, in source file wsd.v
    Info (12023): Found entity 1: wsd
Info (12021): Found 1 design units, including 1 entities, in source file itr_201c.v
    Info (12023): Found entity 1: itr_201c
Info (12021): Found 1 design units, including 1 entities, in source file my_counter.v
    Info (12023): Found entity 1: my_counter
Info (12127): Elaborating entity "itr_201c" for the top level hierarchy
Info (12128): Elaborating entity "my_counter" for hierarchy "my_counter:C1"
Info (12128): Elaborating entity "lpm_counter" for hierarchy "my_counter:C1|lpm_counter:LPM_COUNTER_component"
Info (12130): Elaborated megafunction instantiation "my_counter:C1|lpm_counter:LPM_COUNTER_component"
Info (12133): Instantiated megafunction "my_counter:C1|lpm_counter:LPM_COUNTER_component" with the following parameter:
    Info (12134): Parameter "lpm_direction" = "UP"
    Info (12134): Parameter "lpm_port_updown" = "PORT_UNUSED"
    Info (12134): Parameter "lpm_type" = "LPM_COUNTER"
    Info (12134): Parameter "lpm_width" = "10"
Info (12021): Found 1 design units, including 1 entities, in source file db/cntr_0nh.tdf
    Info (12023): Found entity 1: cntr_0nh
Info (12128): Elaborating entity "cntr_0nh" for hierarchy "my_counter:C1|lpm_counter:LPM_COUNTER_component|cntr_0nh:auto_generated"
Info (12128): Elaborating entity "wsd" for hierarchy "wsd:WSD1"
Warning (13024): Output pins are stuck at VCC or GND
    Warning (13410): Pin "io_rdy" is stuck at VCC
    Warning (13410): Pin "irq_cpld[3]" is stuck at VCC
Info (18000): Registers with preset signals will power-up high
Info (17049): 6 registers lost all their fanouts during netlist optimizations.
Warning (21074): Design contains 2 input pin(s) that do not drive logic
    Warning (15610): No output dependent on input pin "gpmc_cs_n[1]"
    Warning (15610): No output dependent on input pin "gpmc_cs_n[2]"
Info (21057): Implemented 707 device resources after synthesis - the final resource count might be different
    Info (21058): Implemented 29 input pins
    Info (21059): Implemented 31 output pins
    Info (21060): Implemented 8 bidirectional pins
    Info (21061): Implemented 639 logic cells
Info: Quartus II 64-Bit Analysis & Synthesis was successful. 0 errors, 6 warnings
    Info: Peak virtual memory: 463 megabytes
    Info: Processing ended: Thu Jul 28 12:00:15 2016
    Info: Elapsed time: 00:00:03
    Info: Total CPU time (on all processors): 00:00:03


